This is pdfTeX, Version 3.14159265-2.6-1.40.16 (TeX Live 2015) (preloaded format=pdflatex 2015.5.24)  9 APR 2018 11:30
entering extended mode
 restricted \write18 enabled.
 %&-line parsing enabled.
**Figure_summary_constrained.tex
(./Figure_summary_constrained.tex
LaTeX2e <2015/01/01>
Babel <3.9l> and hyphenation patterns for 79 languages loaded.
(/usr/local/texlive/2015/texmf-dist/tex/latex/base/article.cls
Document Class: article 2014/09/29 v1.4h Standard LaTeX document class
(/usr/local/texlive/2015/texmf-dist/tex/latex/base/size12.clo
File: size12.clo 2014/09/29 v1.4h Standard LaTeX file (size option)
)
\c@part=\count79
\c@section=\count80
\c@subsection=\count81
\c@subsubsection=\count82
\c@paragraph=\count83
\c@subparagraph=\count84
\c@figure=\count85
\c@table=\count86
\abovecaptionskip=\skip41
\belowcaptionskip=\skip42
\bibindent=\dimen102
)
(/usr/local/texlive/2015/texmf-dist/tex/latex/geometry/geometry.sty
Package: geometry 2010/09/12 v5.6 Page Geometry

(/usr/local/texlive/2015/texmf-dist/tex/latex/graphics/keyval.sty
Package: keyval 2014/10/28 v1.15 key=value parser (DPC)
\KV@toks@=\toks14
)
(/usr/local/texlive/2015/texmf-dist/tex/generic/oberdiek/ifpdf.sty
Package: ifpdf 2011/01/30 v2.3 Provides the ifpdf switch (HO)
Package ifpdf Info: pdfTeX in PDF mode is detected.
)
(/usr/local/texlive/2015/texmf-dist/tex/generic/oberdiek/ifvtex.sty
Package: ifvtex 2010/03/01 v1.5 Detect VTeX and its facilities (HO)
Package ifvtex Info: VTeX not detected.
)
(/usr/local/texlive/2015/texmf-dist/tex/generic/ifxetex/ifxetex.sty
Package: ifxetex 2010/09/12 v0.6 Provides ifxetex conditional
)
\Gm@cnth=\count87
\Gm@cntv=\count88
\c@Gm@tempcnt=\count89
\Gm@bindingoffset=\dimen103
\Gm@wd@mp=\dimen104
\Gm@odd@mp=\dimen105
\Gm@even@mp=\dimen106
\Gm@layoutwidth=\dimen107
\Gm@layoutheight=\dimen108
\Gm@layouthoffset=\dimen109
\Gm@layoutvoffset=\dimen110
\Gm@dimlist=\toks15
)
(/usr/local/texlive/2015/texmf-dist/tex/latex/amsmath/amsmath.sty
Package: amsmath 2013/01/14 v2.14 AMS math features
\@mathmargin=\skip43

For additional information on amsmath, use the `?' option.
(/usr/local/texlive/2015/texmf-dist/tex/latex/amsmath/amstext.sty
Package: amstext 2000/06/29 v2.01

(/usr/local/texlive/2015/texmf-dist/tex/latex/amsmath/amsgen.sty
File: amsgen.sty 1999/11/30 v2.0
\@emptytoks=\toks16
\ex@=\dimen111
))
(/usr/local/texlive/2015/texmf-dist/tex/latex/amsmath/amsbsy.sty
Package: amsbsy 1999/11/29 v1.2d
\pmbraise@=\dimen112
)
(/usr/local/texlive/2015/texmf-dist/tex/latex/amsmath/amsopn.sty
Package: amsopn 1999/12/14 v2.01 operator names
)
\inf@bad=\count90
LaTeX Info: Redefining \frac on input line 210.
\uproot@=\count91
\leftroot@=\count92
LaTeX Info: Redefining \overline on input line 306.
\classnum@=\count93
\DOTSCASE@=\count94
LaTeX Info: Redefining \ldots on input line 378.
LaTeX Info: Redefining \dots on input line 381.
LaTeX Info: Redefining \cdots on input line 466.
\Mathstrutbox@=\box26
\strutbox@=\box27
\big@size=\dimen113
LaTeX Font Info:    Redeclaring font encoding OML on input line 566.
LaTeX Font Info:    Redeclaring font encoding OMS on input line 567.
\macc@depth=\count95
\c@MaxMatrixCols=\count96
\dotsspace@=\muskip10
\c@parentequation=\count97
\dspbrk@lvl=\count98
\tag@help=\toks17
\row@=\count99
\column@=\count100
\maxfields@=\count101
\andhelp@=\toks18
\eqnshift@=\dimen114
\alignsep@=\dimen115
\tagshift@=\dimen116
\tagwidth@=\dimen117
\totwidth@=\dimen118
\lineht@=\dimen119
\@envbody=\toks19
\multlinegap=\skip44
\multlinetaggap=\skip45
\mathdisplay@stack=\toks20
LaTeX Info: Redefining \[ on input line 2665.
LaTeX Info: Redefining \] on input line 2666.
)
(/usr/local/texlive/2015/texmf-dist/tex/latex/amsfonts/amsfonts.sty
Package: amsfonts 2013/01/14 v3.01 Basic AMSFonts support
\symAMSa=\mathgroup4
\symAMSb=\mathgroup5
LaTeX Font Info:    Overwriting math alphabet `\mathfrak' in version `bold'
(Font)                  U/euf/m/n --> U/euf/b/n on input line 106.
)
(/usr/local/texlive/2015/texmf-dist/tex/latex/amsfonts/amssymb.sty
Package: amssymb 2013/01/14 v3.01 AMS font symbols
)
(/usr/local/texlive/2015/texmf-dist/tex/latex/graphics/graphicx.sty
Package: graphicx 2014/10/28 v1.0g Enhanced LaTeX Graphics (DPC,SPQR)

(/usr/local/texlive/2015/texmf-dist/tex/latex/graphics/graphics.sty
Package: graphics 2014/10/28 v1.0p Standard LaTeX Graphics (DPC,SPQR)

(/usr/local/texlive/2015/texmf-dist/tex/latex/graphics/trig.sty
Package: trig 1999/03/16 v1.09 sin cos tan (DPC)
)
(/usr/local/texlive/2015/texmf-dist/tex/latex/latexconfig/graphics.cfg
File: graphics.cfg 2010/04/23 v1.9 graphics configuration of TeX Live
)
Package graphics Info: Driver file: pdftex.def on input line 94.

(/usr/local/texlive/2015/texmf-dist/tex/latex/pdftex-def/pdftex.def
File: pdftex.def 2011/05/27 v0.06d Graphics/color for pdfTeX

(/usr/local/texlive/2015/texmf-dist/tex/generic/oberdiek/infwarerr.sty
Package: infwarerr 2010/04/08 v1.3 Providing info/warning/error messages (HO)
)
(/usr/local/texlive/2015/texmf-dist/tex/generic/oberdiek/ltxcmds.sty
Package: ltxcmds 2011/11/09 v1.22 LaTeX kernel commands for general use (HO)
)
\Gread@gobject=\count102
))
\Gin@req@height=\dimen120
\Gin@req@width=\dimen121
)
(/usr/local/texlive/2015/texmf-dist/tex/latex/amscls/amsthm.sty
Package: amsthm 2015/03/04 v2.20.2
\thm@style=\toks21
\thm@bodyfont=\toks22
\thm@headfont=\toks23
\thm@notefont=\toks24
\thm@headpunct=\toks25
\thm@preskip=\skip46
\thm@postskip=\skip47
\thm@headsep=\skip48
\dth@everypar=\toks26
)
(/usr/local/texlive/2015/texmf-dist/tex/latex/base/fontenc.sty
Package: fontenc 2005/09/27 v1.99g Standard LaTeX package

(/usr/local/texlive/2015/texmf-dist/tex/latex/base/t1enc.def
File: t1enc.def 2005/09/27 v1.99g Standard LaTeX file
LaTeX Font Info:    Redeclaring font encoding T1 on input line 48.
))
(/usr/local/texlive/2015/texmf-dist/tex/latex/psnfss/times.sty
Package: times 2005/04/12 PSNFSS-v9.2a (SPQR) 
)
(/usr/local/texlive/2015/texmf-dist/tex/latex/lineno/lineno.sty
Package: lineno 2005/11/02 line numbers on paragraphs v4.41
\linenopenalty=\count103
\output=\toks27
\linenoprevgraf=\count104
\linenumbersep=\dimen122
\linenumberwidth=\dimen123
\c@linenumber=\count105
\c@pagewiselinenumber=\count106
\c@LN@truepage=\count107
\c@internallinenumber=\count108
\c@internallinenumbers=\count109
\quotelinenumbersep=\dimen124
\bframerule=\dimen125
\bframesep=\dimen126
\bframebox=\box28
LaTeX Info: Redefining \\ on input line 3056.
)
(/usr/local/texlive/2015/texmf-dist/tex/latex/oberdiek/epstopdf.sty
Package: epstopdf 2010/02/09 v2.5 Conversion with epstopdf on the fly (HO)

(/usr/local/texlive/2015/texmf-dist/tex/latex/oberdiek/epstopdf-base.sty
Package: epstopdf-base 2010/02/09 v2.5 Base part for package epstopdf

(/usr/local/texlive/2015/texmf-dist/tex/latex/oberdiek/grfext.sty
Package: grfext 2010/08/19 v1.1 Manage graphics extensions (HO)

(/usr/local/texlive/2015/texmf-dist/tex/generic/oberdiek/kvdefinekeys.sty
Package: kvdefinekeys 2011/04/07 v1.3 Define keys (HO)
))
(/usr/local/texlive/2015/texmf-dist/tex/latex/oberdiek/kvoptions.sty
Package: kvoptions 2011/06/30 v3.11 Key value format for package options (HO)

(/usr/local/texlive/2015/texmf-dist/tex/generic/oberdiek/kvsetkeys.sty
Package: kvsetkeys 2012/04/25 v1.16 Key value parser (HO)

(/usr/local/texlive/2015/texmf-dist/tex/generic/oberdiek/etexcmds.sty
Package: etexcmds 2011/02/16 v1.5 Avoid name clashes with e-TeX commands (HO)

(/usr/local/texlive/2015/texmf-dist/tex/generic/oberdiek/ifluatex.sty
Package: ifluatex 2010/03/01 v1.3 Provides the ifluatex switch (HO)
Package ifluatex Info: LuaTeX not detected.
)
Package etexcmds Info: Could not find \expanded.
(etexcmds)             That can mean that you are not using pdfTeX 1.50 or
(etexcmds)             that some package has redefined \expanded.
(etexcmds)             In the latter case, load this package earlier.
)))
(/usr/local/texlive/2015/texmf-dist/tex/generic/oberdiek/pdftexcmds.sty
Package: pdftexcmds 2011/11/29 v0.20 Utility functions of pdfTeX for LuaTeX (HO
)
Package pdftexcmds Info: LuaTeX not detected.
Package pdftexcmds Info: \pdf@primitive is available.
Package pdftexcmds Info: \pdf@ifprimitive is available.
Package pdftexcmds Info: \pdfdraftmode found.
)
Package grfext Info: Graphics extension search list:
(grfext)             [.png,.pdf,.jpg,.mps,.jpeg,.jbig2,.jb2,.PNG,.PDF,.JPG,.JPE
G,.JBIG2,.JB2,.eps]
(grfext)             \AppendGraphicsExtensions on input line 452.

(/usr/local/texlive/2015/texmf-dist/tex/latex/latexconfig/epstopdf-sys.cfg
File: epstopdf-sys.cfg 2010/07/13 v1.3 Configuration of (r)epstopdf for TeX Liv
e
)))
(/usr/local/texlive/2015/texmf-dist/tex/latex/bbm-macros/bbm.sty
Package: bbm 1999/03/15 V 1.2 provides fonts for set symbols - TH
LaTeX Font Info:    Overwriting math alphabet `\mathbbm' in version `bold'
(Font)                  U/bbm/m/n --> U/bbm/bx/n on input line 33.
LaTeX Font Info:    Overwriting math alphabet `\mathbbmss' in version `bold'
(Font)                  U/bbmss/m/n --> U/bbmss/bx/n on input line 35.
)
(/usr/local/texlive/2015/texmf-dist/tex/latex/xcolor/xcolor.sty
Package: xcolor 2007/01/21 v2.11 LaTeX color extensions (UK)

(/usr/local/texlive/2015/texmf-dist/tex/latex/latexconfig/color.cfg
File: color.cfg 2007/01/18 v1.5 color configuration of teTeX/TeXLive
)
Package xcolor Info: Driver file: pdftex.def on input line 225.
Package xcolor Info: Model `cmy' substituted by `cmy0' on input line 1337.
Package xcolor Info: Model `hsb' substituted by `rgb' on input line 1341.
Package xcolor Info: Model `RGB' extended on input line 1353.
Package xcolor Info: Model `HTML' substituted by `rgb' on input line 1355.
Package xcolor Info: Model `Hsb' substituted by `hsb' on input line 1356.
Package xcolor Info: Model `tHsb' substituted by `hsb' on input line 1357.
Package xcolor Info: Model `HSB' substituted by `hsb' on input line 1358.
Package xcolor Info: Model `Gray' substituted by `gray' on input line 1359.
Package xcolor Info: Model `wave' substituted by `hsb' on input line 1360.
)
(/usr/local/texlive/2015/texmf-dist/tex/latex/placeins/placeins.sty
Package: placeins 2005/04/18  v 2.2
)
(/usr/local/texlive/2015/texmf-dist/tex/latex/caption/subcaption.sty
Package: subcaption 2013/02/03 v1.1-62 Sub-captions (AR)

(/usr/local/texlive/2015/texmf-dist/tex/latex/caption/caption.sty
Package: caption 2013/05/02 v3.3-89 Customizing captions (AR)

(/usr/local/texlive/2015/texmf-dist/tex/latex/caption/caption3.sty
Package: caption3 2013/05/02 v1.6-88 caption3 kernel (AR)
Package caption3 Info: TeX engine: e-TeX on input line 57.
\captionmargin=\dimen127
\captionmargin@=\dimen128
\captionwidth=\dimen129
\caption@tempdima=\dimen130
\caption@indent=\dimen131
\caption@parindent=\dimen132
\caption@hangindent=\dimen133
)
\c@ContinuedFloat=\count110
)
\c@subfigure=\count111
\c@subtable=\count112
)
(./Figure_summary_constrained.aux)
\openout1 = `Figure_summary_constrained.aux'.

LaTeX Font Info:    Checking defaults for OML/cmm/m/it on input line 19.
LaTeX Font Info:    ... okay on input line 19.
LaTeX Font Info:    Checking defaults for T1/cmr/m/n on input line 19.
LaTeX Font Info:    ... okay on input line 19.
LaTeX Font Info:    Checking defaults for OT1/cmr/m/n on input line 19.
LaTeX Font Info:    ... okay on input line 19.
LaTeX Font Info:    Checking defaults for OMS/cmsy/m/n on input line 19.
LaTeX Font Info:    ... okay on input line 19.
LaTeX Font Info:    Checking defaults for OMX/cmex/m/n on input line 19.
LaTeX Font Info:    ... okay on input line 19.
LaTeX Font Info:    Checking defaults for U/cmr/m/n on input line 19.
LaTeX Font Info:    ... okay on input line 19.
LaTeX Font Info:    Try loading font information for T1+ptm on input line 19.

(/usr/local/texlive/2015/texmf-dist/tex/latex/psnfss/t1ptm.fd
File: t1ptm.fd 2001/06/04 font definitions for T1/ptm.
)
*geometry* driver: auto-detecting
*geometry* detected driver: pdftex
*geometry* verbose mode - [ preamble ] result:
* driver: pdftex
* paper: a4paper
* layout: <same size as paper>
* layoutoffset:(h,v)=(0.0pt,0.0pt)
* modes: twoside 
* h-part:(L,W,R)=(42.67912pt, 512.14963pt, 42.67912pt)
* v-part:(T,H,B)=(42.67912pt, 745.46222pt, 56.9055pt)
* \paperwidth=597.50787pt
* \paperheight=845.04684pt
* \textwidth=512.14963pt
* \textheight=745.46222pt
* \oddsidemargin=-29.59087pt
* \evensidemargin=-29.59087pt
* \topmargin=-66.59087pt
* \headheight=12.0pt
* \headsep=25.0pt
* \topskip=12.0pt
* \footskip=30.0pt
* \marginparwidth=95.0pt
* \marginparsep=10.0pt
* \columnsep=10.0pt
* \skip\footins=10.8pt plus 4.0pt minus 2.0pt
* \hoffset=0.0pt
* \voffset=0.0pt
* \mag=1000
* \@twocolumnfalse
* \@twosidetrue
* \@mparswitchtrue
* \@reversemarginfalse
* (1in=72.27pt=25.4mm, 1cm=28.453pt)

(/usr/local/texlive/2015/texmf-dist/tex/context/base/supp-pdf.mkii
[Loading MPS to PDF converter (version 2006.09.02).]
\scratchcounter=\count113
\scratchdimen=\dimen134
\scratchbox=\box29
\nofMPsegments=\count114
\nofMParguments=\count115
\everyMPshowfont=\toks28
\MPscratchCnt=\count116
\MPscratchDim=\dimen135
\MPnumerator=\count117
\makeMPintoPDFobject=\count118
\everyMPtoPDFconversion=\toks29
)
Package caption Info: Begin \AtBeginDocument code.
Package caption Info: End \AtBeginDocument code.
 <002Incidence_constrained.pdf, id=1, page=1, 505.89pt x 505.89pt>
File: 002Incidence_constrained.pdf Graphic file (type pdf)

<use 002Incidence_constrained.pdf, page 1>
Package pdftex.def Info: 002Incidence_constrained.pdf, page1 used on input line
 25.
(pdftex.def)             Requested size: 153.64644pt x 153.64394pt.
LaTeX Font Info:    Try loading font information for U+msa on input line 27.

(/usr/local/texlive/2015/texmf-dist/tex/latex/amsfonts/umsa.fd
File: umsa.fd 2013/01/14 v3.01 AMS symbols A
)
LaTeX Font Info:    Try loading font information for U+msb on input line 27.

(/usr/local/texlive/2015/texmf-dist/tex/latex/amsfonts/umsb.fd
File: umsb.fd 2013/01/14 v3.01 AMS symbols B
)
<002Duration_constrained.pdf, id=2, page=1, 505.89pt x 505.89pt>
File: 002Duration_constrained.pdf Graphic file (type pdf)

<use 002Duration_constrained.pdf, page 1>
Package pdftex.def Info: 002Duration_constrained.pdf, page1 used on input line 
29.
(pdftex.def)             Requested size: 153.64644pt x 153.64394pt.

<003Symdur_constrained.pdf, id=3, page=1, 505.89pt x 505.89pt>
File: 003Symdur_constrained.pdf Graphic file (type pdf)

<use 003Symdur_constrained.pdf, page 1>
Package pdftex.def Info: 003Symdur_constrained.pdf, page1 used on input line 33
.
(pdftex.def)             Requested size: 153.64644pt x 153.64394pt.

<003Hospdays_constrained.pdf, id=4, page=1, 505.89pt x 505.89pt>
File: 003Hospdays_constrained.pdf Graphic file (type pdf)

<use 003Hospdays_constrained.pdf, page 1>
Package pdftex.def Info: 003Hospdays_constrained.pdf, page1 used on input line 
38.
(pdftex.def)             Requested size: 153.64644pt x 153.64394pt.

<003ICU_constrained.pdf, id=5, page=1, 505.89pt x 505.89pt>
File: 003ICU_constrained.pdf Graphic file (type pdf)

<use 003ICU_constrained.pdf, page 1>
Package pdftex.def Info: 003ICU_constrained.pdf, page1 used on input line 42.
(pdftex.def)             Requested size: 153.64644pt x 153.64394pt.

<003Death_constrained.pdf, id=6, page=1, 505.89pt x 505.89pt>
File: 003Death_constrained.pdf Graphic file (type pdf)

<use 003Death_constrained.pdf, page 1>
Package pdftex.def Info: 003Death_constrained.pdf, page1 used on input line 46.

(pdftex.def)             Requested size: 153.64644pt x 153.64394pt.

<002Incidence_constrained.pdf, id=7, page=2, 505.89pt x 505.89pt>
File: 002Incidence_constrained.pdf Graphic file (type pdf)

<use 002Incidence_constrained.pdf, page 2>
Package pdftex.def Info: 002Incidence_constrained.pdf, page2 used on input line
 62.
(pdftex.def)             Requested size: 153.64644pt x 153.64394pt.

<002Duration_constrained.pdf, id=8, page=2, 505.89pt x 505.89pt>
File: 002Duration_constrained.pdf Graphic file (type pdf)

<use 002Duration_constrained.pdf, page 2>
Package pdftex.def Info: 002Duration_constrained.pdf, page2 used on input line 
66.
(pdftex.def)             Requested size: 153.64644pt x 153.64394pt.

<003Symdur_constrained.pdf, id=9, page=2, 505.89pt x 505.89pt>
File: 003Symdur_constrained.pdf Graphic file (type pdf)

<use 003Symdur_constrained.pdf, page 2>
Package pdftex.def Info: 003Symdur_constrained.pdf, page2 used on input line 70
.
(pdftex.def)             Requested size: 153.64644pt x 153.64394pt.

<003Hospdays_constrained.pdf, id=10, page=2, 505.89pt x 505.89pt>
File: 003Hospdays_constrained.pdf Graphic file (type pdf)

<use 003Hospdays_constrained.pdf, page 2>
Package pdftex.def Info: 003Hospdays_constrained.pdf, page2 used on input line 
75.
(pdftex.def)             Requested size: 153.64644pt x 153.64394pt.

<003ICU_constrained.pdf, id=11, page=2, 505.89pt x 505.89pt>
File: 003ICU_constrained.pdf Graphic file (type pdf)

<use 003ICU_constrained.pdf, page 2>
Package pdftex.def Info: 003ICU_constrained.pdf, page2 used on input line 79.
(pdftex.def)             Requested size: 153.64644pt x 153.64394pt.

<003Death_constrained.pdf, id=12, page=2, 505.89pt x 505.89pt>
File: 003Death_constrained.pdf Graphic file (type pdf)

<use 003Death_constrained.pdf, page 2>
Package pdftex.def Info: 003Death_constrained.pdf, page2 used on input line 83.

(pdftex.def)             Requested size: 153.64644pt x 153.64394pt.


LaTeX Warning: `h' float specifier changed to `ht'.

<002Incidence_constrained.pdf, id=13, page=8, 505.89pt x 505.89pt>
File: 002Incidence_constrained.pdf Graphic file (type pdf)

<use 002Incidence_constrained.pdf, page 8>
Package pdftex.def Info: 002Incidence_constrained.pdf, page8 used on input line
 95.
(pdftex.def)             Requested size: 153.64644pt x 153.64394pt.

<002Duration_constrained.pdf, id=14, page=8, 505.89pt x 505.89pt>
File: 002Duration_constrained.pdf Graphic file (type pdf)

<use 002Duration_constrained.pdf, page 8>
Package pdftex.def Info: 002Duration_constrained.pdf, page8 used on input line 
99.
(pdftex.def)             Requested size: 153.64644pt x 153.64394pt.

<003Symdur_constrained.pdf, id=15, page=6, 505.89pt x 505.89pt>
File: 003Symdur_constrained.pdf Graphic file (type pdf)

<use 003Symdur_constrained.pdf, page 6>
Package pdftex.def Info: 003Symdur_constrained.pdf, page6 used on input line 10
3.
(pdftex.def)             Requested size: 153.64644pt x 153.64394pt.

<003Hospdays_constrained.pdf, id=16, page=6, 505.89pt x 505.89pt>
File: 003Hospdays_constrained.pdf Graphic file (type pdf)

<use 003Hospdays_constrained.pdf, page 6>
Package pdftex.def Info: 003Hospdays_constrained.pdf, page6 used on input line 
108.
(pdftex.def)             Requested size: 153.64644pt x 153.64394pt.

<003ICU_constrained.pdf, id=17, page=8, 505.89pt x 505.89pt>
File: 003ICU_constrained.pdf Graphic file (type pdf)

<use 003ICU_constrained.pdf, page 8>
Package pdftex.def Info: 003ICU_constrained.pdf, page8 used on input line 112.
(pdftex.def)             Requested size: 153.64644pt x 153.64394pt.

<003Death_constrained.pdf, id=18, page=8, 505.89pt x 505.89pt>
File: 003Death_constrained.pdf Graphic file (type pdf)

<use 003Death_constrained.pdf, page 8>
Package pdftex.def Info: 003Death_constrained.pdf, page8 used on input line 116
.
(pdftex.def)             Requested size: 153.64644pt x 153.64394pt.


LaTeX Warning: `h' float specifier changed to `ht'.

<002Incidence_constrained.pdf, id=19, page=3, 505.89pt x 505.89pt>
File: 002Incidence_constrained.pdf Graphic file (type pdf)

<use 002Incidence_constrained.pdf, page 3>
Package pdftex.def Info: 002Incidence_constrained.pdf, page3 used on input line
 131.
(pdftex.def)             Requested size: 153.64644pt x 153.64394pt.

<002Duration_constrained.pdf, id=20, page=3, 505.89pt x 505.89pt>
File: 002Duration_constrained.pdf Graphic file (type pdf)

<use 002Duration_constrained.pdf, page 3>
Package pdftex.def Info: 002Duration_constrained.pdf, page3 used on input line 
135.
(pdftex.def)             Requested size: 153.64644pt x 153.64394pt.

<003Symdur_constrained.pdf, id=21, page=3, 505.89pt x 505.89pt>
File: 003Symdur_constrained.pdf Graphic file (type pdf)

<use 003Symdur_constrained.pdf, page 3>
Package pdftex.def Info: 003Symdur_constrained.pdf, page3 used on input line 13
9.
(pdftex.def)             Requested size: 153.64644pt x 153.64394pt.

<003Hospdays_constrained.pdf, id=22, page=3, 505.89pt x 505.89pt>
File: 003Hospdays_constrained.pdf Graphic file (type pdf)

<use 003Hospdays_constrained.pdf, page 3>
Package pdftex.def Info: 003Hospdays_constrained.pdf, page3 used on input line 
144.
(pdftex.def)             Requested size: 153.64644pt x 153.64394pt.

<003ICU_constrained.pdf, id=23, page=3, 505.89pt x 505.89pt>
File: 003ICU_constrained.pdf Graphic file (type pdf)

<use 003ICU_constrained.pdf, page 3>
Package pdftex.def Info: 003ICU_constrained.pdf, page3 used on input line 148.
(pdftex.def)             Requested size: 153.64644pt x 153.64394pt.

<003Death_constrained.pdf, id=24, page=3, 505.89pt x 505.89pt>
File: 003Death_constrained.pdf Graphic file (type pdf)

<use 003Death_constrained.pdf, page 3>
Package pdftex.def Info: 003Death_constrained.pdf, page3 used on input line 152
.
(pdftex.def)             Requested size: 153.64644pt x 153.64394pt.


LaTeX Warning: `h' float specifier changed to `ht'.

<AIC_summary_constrained.pdf, id=25, page=1, 505.89pt x 505.89pt>
File: AIC_summary_constrained.pdf Graphic file (type pdf)

<use AIC_summary_constrained.pdf, page 1>
Package pdftex.def Info: AIC_summary_constrained.pdf, page1 used on input line 
163.
(pdftex.def)             Requested size: 512.14963pt x 512.15677pt.


LaTeX Warning: `h' float specifier changed to `ht'.

<002Incidence_AUC_constrained.pdf, id=26, 505.89pt x 505.89pt>
File: 002Incidence_AUC_constrained.pdf Graphic file (type pdf)

<use 002Incidence_AUC_constrained.pdf>
Package pdftex.def Info: 002Incidence_AUC_constrained.pdf used on input line 17
3.
(pdftex.def)             Requested size: 243.27419pt x 243.27986pt.

<002Duration_AUC_constrained.pdf, id=27, 505.89pt x 505.89pt>
File: 002Duration_AUC_constrained.pdf Graphic file (type pdf)

<use 002Duration_AUC_constrained.pdf>
Package pdftex.def Info: 002Duration_AUC_constrained.pdf used on input line 177
.
(pdftex.def)             Requested size: 243.27419pt x 243.27986pt.

<003ICU_AUC_constrained.pdf, id=28, 505.89pt x 505.89pt>
File: 003ICU_AUC_constrained.pdf Graphic file (type pdf)

<use 003ICU_AUC_constrained.pdf>
Package pdftex.def Info: 003ICU_AUC_constrained.pdf used on input line 182.
(pdftex.def)             Requested size: 243.27419pt x 243.27986pt.

<003Death_AUC_constrained.pdf, id=29, 505.89pt x 505.89pt>
File: 003Death_AUC_constrained.pdf Graphic file (type pdf)

<use 003Death_AUC_constrained.pdf>
Package pdftex.def Info: 003Death_AUC_constrained.pdf used on input line 186.
(pdftex.def)             Requested size: 243.27419pt x 243.27986pt.


LaTeX Warning: `h' float specifier changed to `ht'.

[1

{/usr/local/texlive/2015/texmf-var/fonts/map/pdftex/updmap/pdftex.map} <./002In
cidence_constrained.pdf> <./002Duration_constrained.pdf> <./003Symdur_constrain
ed.pdf> <./003Hospdays_constrained.pdf> <./003ICU_constrained.pdf> <./003Death_
constrained.pdf>] [2 <./002Incidence_constrained.pdf> <./002Duration_constraine
d.pdf> <./003Symdur_constrained.pdf> <./003Hospdays_constrained.pdf> <./003ICU_
constrained.pdf> <./003Death_constrained.pdf>] [3 <./002Incidence_constrained.p
df> <./002Duration_constrained.pdf> <./003Symdur_constrained.pdf> <./003Hospday
s_constrained.pdf> <./003ICU_constrained.pdf> <./003Death_constrained.pdf>]
[4 <./002Incidence_constrained.pdf> <./002Duration_constrained.pdf> <./003Symdu
r_constrained.pdf> <./003Hospdays_constrained.pdf> <./003ICU_constrained.pdf> <
./003Death_constrained.pdf>] [5 <./AIC_summary_constrained.pdf>] [6 <./002Incid
ence_AUC_constrained.pdf> <./002Duration_AUC_constrained.pdf> <./003ICU_AUC_con
strained.pdf> <./003Death_AUC_constrained.pdf>]
(./Figure_summary_constrained.aux) ) 
Here is how much of TeX's memory you used:
 5071 strings out of 493089
 74329 string characters out of 6134842
 149251 words of memory out of 5000000
 8464 multiletter control sequences out of 15000+600000
 14493 words of font info for 37 fonts, out of 8000000 for 9000
 1141 hyphenation exceptions out of 8191
 42i,8n,40p,336b,459s stack positions out of 5000i,500n,10000p,200000b,80000s
{/usr/local/texlive/2015/texmf-dist/fonts/e
nc/dvips/base/8r.enc}</usr/local/texlive/2015/texmf-dist/fonts/type1/urw/times/
utmr8a.pfb>
Output written on Figure_summary_constrained.pdf (6 pages, 455577 bytes).
PDF statistics:
 119 PDF objects out of 1000 (max. 8388607)
 69 compressed objects within 1 object stream
 0 named destinations out of 1000 (max. 500000)
 146 words of extra memory for PDF output out of 10000 (max. 10000000)

